#
# There is insufficient memory for the Java Runtime Environment to continue.
# Native memory allocation (mmap) failed to map 132120576 bytes for Failed to commit area from 0x0000000083200000 to 0x000000008b000000 of length 132120576.
# Possible reasons:
#   The system is out of physical RAM or swap space
#   The process is running with CompressedOops enabled, and the Java Heap may be blocking the growth of the native heap
# Possible solutions:
#   Reduce memory load on the system
#   Increase physical memory or swap space
#   Check if swap backing store is full
#   Decrease Java heap size (-Xmx/-Xms)
#   Decrease number of Java threads
#   Decrease Java thread stack sizes (-Xss)
#   Set larger code cache with -XX:ReservedCodeCacheSize=
# This output file may be truncated or incomplete.
#
#  Out of Memory Error (./src/hotspot/os/windows/os_windows.cpp:3303), pid=18520, tid=9392
#
# JRE version:  (11.0.8+10) (build )
# Java VM: OpenJDK 64-Bit Server VM (11.0.8+10-b944.6842174, mixed mode, sharing, tiered, compressed oops, g1 gc, windows-amd64)
# No core dump will be written. Minidumps are not enabled by default on client versions of Windows
#

---------------  S U M M A R Y ------------

Command Line: org.jetbrains.kotlin.cli.jvm.K2JVMCompiler @C:\Users\lenovo\AndroidStudioProjects\GMBackend\app\build\20211023_9100993430675513156.compiler.options

Host: Intel(R) Core(TM) i5-1035G4 CPU @ 1.10GHz, 8 cores, 7G,  Windows 10 , 64 bit Build 22000 (10.0.22000.120)
Time: Sat Oct 23 14:10:06 2021 SE Asia Standard Time elapsed time: 0 seconds (0d 0h 0m 0s)

---------------  T H R E A D  ---------------

Current thread (0x000001d45adfc000):  JavaThread "Unknown thread" [_thread_in_vm, id=9392, stack(0x000000b33c500000,0x000000b33c600000)]

Stack: [0x000000b33c500000,0x000000b33c600000]
Native frames: (J=compiled Java code, j=interpreted, Vv=VM code, C=native code)
V  [jvm.dll+0x5de50a]
V  [jvm.dll+0x7122f5]
V  [jvm.dll+0x71384d]
V  [jvm.dll+0x713f03]
V  [jvm.dll+0x23e728]
V  [jvm.dll+0x5db9a4]
V  [jvm.dll+0x5d0ae5]
V  [jvm.dll+0x2fb20b]
V  [jvm.dll+0x2fb17a]
V  [jvm.dll+0x2fb052]
V  [jvm.dll+0x2fff16]
V  [jvm.dll+0x348743]
V  [jvm.dll+0x348e46]
V  [jvm.dll+0x348843]
V  [jvm.dll+0x2d5d68]
V  [jvm.dll+0x2d6f07]
V  [jvm.dll+0x6f11f7]
V  [jvm.dll+0x6f29ec]
V  [jvm.dll+0x355cb9]
V  [jvm.dll+0x6d4ade]
V  [jvm.dll+0x3bdfe3]
V  [jvm.dll+0x3c0201]
C  [jli.dll+0x5373]
C  [ucrtbase.dll+0x26c0c]
C  [KERNEL32.DLL+0x154e0]
C  [ntdll.dll+0x485b]


---------------  P R O C E S S  ---------------

Threads class SMR info:
_java_thread_list=0x000001d458d5e970, length=0, elements={
}

Java Threads: ( => current thread )

Other Threads:
  0x000001d45ae13800 GCTaskThread "GC Thread#0" [stack: 0x000000b33c600000,0x000000b33c700000] [id=18844]
  0x000001d45ae44800 ConcurrentGCThread "G1 Main Marker" [stack: 0x000000b33c700000,0x000000b33c800000] [id=20652]
  0x000001d45ae47000 ConcurrentGCThread "G1 Conc#0" [stack: 0x000000b33c800000,0x000000b33c900000] [id=19448]

[error occurred during error reporting (printing all threads), id 0xc0000005, EXCEPTION_ACCESS_VIOLATION (0xc0000005) at pc=0x00007ff826bc6357]

VM state:not at safepoint (not fully initialized)

VM Mutex/Monitor currently owned by a thread:  ([mutex/lock_event])
[0x000001d45adf8d40] Heap_lock - owner thread: 0x000001d45adfc000

Heap address: 0x0000000083200000, size: 1998 MB, Compressed Oops mode: Non-zero based: 0x0000000083200000
Narrow klass base: 0x0000000000000000, Narrow klass shift: 0

GC Heap History (0 events):
No events

Deoptimization events (0 events):
No events

Classes redefined (0 events):
No events

Internal exceptions (0 events):
No events

Events (1 events):
Event: 0.020 Loaded shared library C:\Program Files\Android\Android Studio\jre\bin\zip.dll


Dynamic libraries:
0x00007ff626ec0000 - 0x00007ff626eca000 	C:\Program Files\Android\Android Studio\jre\bin\java.exe
0x00007ff898c00000 - 0x00007ff898e07000 	C:\WINDOWS\SYSTEM32\ntdll.dll
0x00007ff898460000 - 0x00007ff89851d000 	C:\WINDOWS\System32\KERNEL32.DLL
0x00007ff896540000 - 0x00007ff8968b4000 	C:\WINDOWS\System32\KERNELBASE.dll
0x00007ff893240000 - 0x00007ff8932d1000 	C:\WINDOWS\SYSTEM32\apphelp.dll
0x00007ff896970000 - 0x00007ff896a81000 	C:\WINDOWS\System32\ucrtbase.dll
0x00007ff87c030000 - 0x00007ff87c049000 	C:\Program Files\Android\Android Studio\jre\bin\jli.dll
0x00007ff8977b0000 - 0x00007ff89795c000 	C:\WINDOWS\System32\USER32.dll
0x00007ff8783a0000 - 0x00007ff8783b7000 	C:\Program Files\Android\Android Studio\jre\bin\VCRUNTIME140.dll
0x00007ff896940000 - 0x00007ff896966000 	C:\WINDOWS\System32\win32u.dll
0x00007ff8803c0000 - 0x00007ff880665000 	C:\WINDOWS\WinSxS\amd64_microsoft.windows.common-controls_6595b64144ccf1df_6.0.22000.120_none_9d947278b86cc467\COMCTL32.dll
0x00007ff898040000 - 0x00007ff898069000 	C:\WINDOWS\System32\GDI32.dll
0x00007ff8980f0000 - 0x00007ff898193000 	C:\WINDOWS\System32\msvcrt.dll
0x00007ff8962f0000 - 0x00007ff896402000 	C:\WINDOWS\System32\gdi32full.dll
0x00007ff8960e0000 - 0x00007ff89617d000 	C:\WINDOWS\System32\msvcp_win.dll
0x00007ff898550000 - 0x00007ff898581000 	C:\WINDOWS\System32\IMM32.DLL
0x00007ff8536c0000 - 0x00007ff85375d000 	C:\Program Files\Android\Android Studio\jre\bin\msvcp140.dll
0x00007ff8268e0000 - 0x00007ff82739c000 	C:\Program Files\Android\Android Studio\jre\bin\server\jvm.dll
0x00007ff897de0000 - 0x00007ff897e8c000 	C:\WINDOWS\System32\ADVAPI32.dll
0x00007ff897960000 - 0x00007ff8979fd000 	C:\WINDOWS\System32\sechost.dll
0x00007ff898730000 - 0x00007ff898851000 	C:\WINDOWS\System32\RPCRT4.dll
0x00007ff898540000 - 0x00007ff898548000 	C:\WINDOWS\System32\PSAPI.DLL
0x00007ff890390000 - 0x00007ff8903c3000 	C:\WINDOWS\SYSTEM32\WINMM.dll
0x00007ff88d730000 - 0x00007ff88d73a000 	C:\WINDOWS\SYSTEM32\VERSION.dll
0x00007ff8839f0000 - 0x00007ff8839f9000 	C:\WINDOWS\SYSTEM32\WSOCK32.dll
0x00007ff896af0000 - 0x00007ff896b5f000 	C:\WINDOWS\System32\WS2_32.dll
0x00007ff895210000 - 0x00007ff895228000 	C:\WINDOWS\SYSTEM32\kernel.appcore.dll
0x00007ff88ffc0000 - 0x00007ff88ffd1000 	C:\Program Files\Android\Android Studio\jre\bin\verify.dll
0x00007ff893bb0000 - 0x00007ff893dd1000 	C:\WINDOWS\SYSTEM32\DBGHELP.DLL
0x00007ff8861b0000 - 0x00007ff8861e1000 	C:\WINDOWS\SYSTEM32\dbgcore.DLL
0x00007ff8968c0000 - 0x00007ff896940000 	C:\WINDOWS\System32\bcryptPrimitives.dll
0x00007ff87dc40000 - 0x00007ff87dc69000 	C:\Program Files\Android\Android Studio\jre\bin\java.dll
0x00007ff8931a0000 - 0x00007ff8931ab000 	C:\Program Files\Android\Android Studio\jre\bin\jimage.dll
0x00007ff883ba0000 - 0x00007ff883bb8000 	C:\Program Files\Android\Android Studio\jre\bin\zip.dll

dbghelp: loaded successfully - version: 4.0.5 - missing functions: none
symbol engine: initialized successfully - sym options: 0x614 - pdb path: .;C:\Program Files\Android\Android Studio\jre\bin;C:\WINDOWS\SYSTEM32;C:\WINDOWS\WinSxS\amd64_microsoft.windows.common-controls_6595b64144ccf1df_6.0.22000.120_none_9d947278b86cc467;C:\Program Files\Android\Android Studio\jre\bin\server

VM Arguments:
java_command: org.jetbrains.kotlin.cli.jvm.K2JVMCompiler @C:\Users\lenovo\AndroidStudioProjects\GMBackend\app\build\20211023_9100993430675513156.compiler.options
java_class_path (initial): C:\Users\lenovo\.gradle\caches\modules-2\files-2.1\org.jetbrains.kotlin\kotlin-compiler-embeddable\1.5.10\9c35134a025cab7a1e6eee0d87d241c2f30c1218\kotlin-compiler-embeddable-1.5.10.jar;C:\Users\lenovo\.gradle\caches\modules-2\files-2.1\org.jetbrains.kotlin\kotlin-reflect\1.5.10\d6c70f3c0df2457ea0095c61c1fc1188017dc3bc\kotlin-reflect-1.5.10.jar;C:\Users\lenovo\.gradle\caches\modules-2\files-2.1\org.jetbrains.kotlin\kotlin-stdlib\1.5.10\da6a904b132f0402fa4d79169a3c1770598d4702\kotlin-stdlib-1.5.10.jar;C:\Users\lenovo\.gradle\caches\modules-2\files-2.1\org.jetbrains.kotlin\kotlin-script-runtime\1.5.10\69bad0ece91b0797055aeadbd44dc742c458398b\kotlin-script-runtime-1.5.10.jar;C:\Users\lenovo\.gradle\caches\modules-2\files-2.1\org.jetbrains.kotlin\kotlin-daemon-embeddable\1.5.10\d06ad33b62b041dae0609f830c3b48135d53b8bc\kotlin-daemon-embeddable-1.5.10.jar;C:\Users\lenovo\.gradle\caches\modules-2\files-2.1\org.jetbrains.intellij.deps\trove4j\1.0.20181211\216c2e14b070f334479d800987affe4054cd563f\trove4j-1.0.20181211.jar;C:\Users\lenovo\.gradle\caches\modules-2\files-2.1\org.jetbrains\annotations\13.0\919f0dfe192fb4e063e7dacadee7f8bb9a2672a9\annotations-13.0.jar;C:\Users\lenovo\.gradle\caches\modules-2\files-2.1\org.jetbrains.kotlin\kotlin-stdlib-common\1.5.10\6b84d926e28493be69daf673e40076f89492ef7\kotlin-stdlib-common-1.5.10.jar
Launcher Type: SUN_STANDARD

[Global flags]
     intx CICompilerCount                          = 4                                         {product} {ergonomic}
     uint ConcGCThreads                            = 2                                         {product} {ergonomic}
     uint G1ConcRefinementThreads                  = 8                                         {product} {ergonomic}
   size_t G1HeapRegionSize                         = 1048576                                   {product} {ergonomic}
    uintx GCDrainStackTargetSize                   = 64                                        {product} {ergonomic}
   size_t InitialHeapSize                          = 132120576                                 {product} {ergonomic}
   size_t MarkStackSize                            = 4194304                                   {product} {ergonomic}
   size_t MaxHeapSize                              = 2095054848                                {product} {ergonomic}
   size_t MinHeapDeltaBytes                        = 1048576                                   {product} {ergonomic}
    uintx NonNMethodCodeHeapSize                   = 5836300                                {pd product} {ergonomic}
    uintx NonProfiledCodeHeapSize                  = 122910970                              {pd product} {ergonomic}
    uintx ProfiledCodeHeapSize                     = 122910970                              {pd product} {ergonomic}
    uintx ReservedCodeCacheSize                    = 251658240                              {pd product} {ergonomic}
     bool SegmentedCodeCache                       = true                                      {product} {ergonomic}
     bool UseCompressedClassPointers               = true                                 {lp64_product} {ergonomic}
     bool UseCompressedOops                        = true                                 {lp64_product} {ergonomic}
     bool UseG1GC                                  = true                                      {product} {ergonomic}
     bool UseLargePagesIndividualAllocation        = false                                  {pd product} {ergonomic}

Logging:
Log output configuration:
 #0: stdout all=warning uptime,level,tags
 #1: stderr all=off uptime,level,tags

Environment Variables:
PATH=C:\Program Files\Common Files\Oracle\Java\javapath;C:\Program Files (x86)\Common Files\Oracle\Java\javapath;C:\WINDOWS\system32;C:\WINDOWS;C:\WINDOWS\System32\Wbem;C:\WINDOWS\System32\WindowsPowerShell\v1.0\;C:\WINDOWS\System32\OpenSSH\;C:\Program Files\Git\cmd;C:\xampp\php;C:\ProgramData\ComposerSetup\bin;C:\Users\lenovo\AppData\Local\Microsoft\WindowsApps;;C:\Program Files\JetBrains\IntelliJ IDEA Community Edition 2021.2.1\bin;;C:\Users\lenovo\AppData\Local\Programs\Microsoft VS Code\bin;C:\Users\lenovo\AppData\Roaming\Composer\vendor\bin
USERNAME=lenovo
OS=Windows_NT
PROCESSOR_IDENTIFIER=Intel64 Family 6 Model 126 Stepping 5, GenuineIntel



---------------  S Y S T E M  ---------------

OS: Windows 10 , 64 bit Build 22000 (10.0.22000.120)
OS uptime: 0 days 22:25 hours

CPU:total 8 (initial active 8) (4 cores per cpu, 2 threads per core) family 6 model 126 stepping 5, cmov, cx8, fxsr, mmx, sse, sse2, sse3, ssse3, sse4.1, sse4.2, popcnt, avx, avx2, aes, clmul, erms, 3dnowpref, lzcnt, ht, tsc, tscinvbit, bmi1, bmi2, adx, evex, sha, fma

Memory: 4k page, system-wide physical 7987M (353M free)
TotalPageFile size 16179M (AvailPageFile size 77M)
current process WorkingSet (physical memory assigned to process): 10M, peak: 10M
current process commit charge ("private bytes"): 60M, peak: 186M

vm_info: OpenJDK 64-Bit Server VM (11.0.8+10-b944.6842174) for windows-amd64 JRE (11.0.8+10-b944.6842174), built on Sep 19 2020 01:11:42 by "builder" with MS VC++ 14.0 (VS2015)

END.
